<?xml version="1.0" encoding="UTF-8" standalone="no"?><!DOCTYPE report PUBLIC "-//JACOCO//DTD Report 1.1//EN" "report.dtd"><report name="Pester (06/04/2020 11:13:08)"><sessioninfo id="this" start="1591269186687" dump="1591269188597" /><package name="IShouldBeCommitted"><class name="IShouldBeCommitted/IShouldBeCommitted" sourcefilename="IShouldBeCommitted.psm1"><method name="GetIP" desc="()" line="6"><counter type="INSTRUCTION" missed="0" covered="1" /><counter type="LINE" missed="0" covered="1" /><counter type="METHOD" missed="0" covered="1" /></method><method name="&lt;script&gt;" desc="()" line="9"><counter type="INSTRUCTION" missed="0" covered="1" /><counter type="LINE" missed="0" covered="1" /><counter type="METHOD" missed="0" covered="1" /></method><counter type="INSTRUCTION" missed="0" covered="2" /><counter type="LINE" missed="0" covered="2" /><counter type="METHOD" missed="0" covered="2" /><counter type="CLASS" missed="0" covered="1" /></class><sourcefile name="IShouldBeCommitted.psm1"><line nr="6" mi="0" ci="1" mb="0" cb="0" /><line nr="9" mi="0" ci="1" mb="0" cb="0" /><counter type="INSTRUCTION" missed="0" covered="2" /><counter type="LINE" missed="0" covered="2" /><counter type="METHOD" missed="0" covered="2" /><counter type="CLASS" missed="0" covered="1" /></sourcefile><counter type="INSTRUCTION" missed="0" covered="2" /><counter type="LINE" missed="0" covered="2" /><counter type="METHOD" missed="0" covered="2" /><counter type="CLASS" missed="0" covered="1" /></package><counter type="INSTRUCTION" missed="0" covered="2" /><counter type="LINE" missed="0" covered="2" /><counter type="METHOD" missed="0" covered="2" /><counter type="CLASS" missed="0" covered="1" /></report>
